Build started 5/30/2015 4:08:41 PM.
     1>Project "C:\Users\Justin\Downloads\torcs-1.3.6\src\drivers\tita\tita.vcxproj" on node 2 (Build target(s)).
     1>ClCompile:
         C:\Program Files (x86)\Microsoft Visual Studio 12.0\VC\bin\CL.exe /c /I../../../export/include /I../../windows/include /I../../.. /Zi /nologo /W2 /WX- /Od /Oy- /D WIN32 /D _DEBUG /D _WINDOWS /D _USRDLL /D BERNIW_2004_EXPORTS /D _VC80_UPGRADE=0x0600 /D _WINDLL /D _MBCS /Gm /EHsc /RTC1 /MTd /GS /Gy- /fp:precise /Zc:wchar_t /Zc:forScope /Fo".\Debug\\" /Fd".\Debug\vc120.pdb" /FR".\Debug\\" /Gd /TP /analyze- /errorReport:prompt mycar.cpp pathfinder.cpp tita.cpp trackdesc.cpp
         trackdesc.cpp
         tita.cpp
         pathfinder.cpp
         mycar.cpp
         Generating Code...
       Link:
         C:\Program Files (x86)\Microsoft Visual Studio 12.0\VC\bin\link.exe /ERRORREPORT:PROMPT /OUT:".\Debug\tita.dll" /INCREMENTAL /NOLOGO /LIBPATH:../../../export/libd /LIBPATH:../../windows/lib tgf.lib robottools.lib sg.lib ul.lib kernel32.lib user32.lib gdi32.lib winspool.lib comdlg32.lib advapi32.lib shell32.lib ole32.lib oleaut32.lib uuid.lib odbc32.lib odbccp32.lib /NODEFAULTLIB:LIBCMT /DEF:".\tita.def" /MANIFEST /MANIFESTUAC:"level='asInvoker' uiAccess='false'" /manifest:embed /DEBUG /PDB:".\Debug\tita.pdb" /SUBSYSTEM:CONSOLE /TLBID:1 /DYNAMICBASE /NXCOMPAT /IMPLIB:".\Debug\tita.lib" /MACHINE:X86 /SAFESEH /DLL .\Debug\mycar.obj
         .\Debug\pathfinder.obj
         .\Debug\spline.obj
         .\Debug\tita.obj
         .\Debug\trackdesc.obj
         "C:\Users\Justin\Downloads\torcs-1.3.6\src\libs\robottools\Debug\robottools.lib"
         "C:\Users\Justin\Downloads\torcs-1.3.6\src\libs\tgf\Debug\tgf.lib"
     1>LINK : fatal error LNK1104: cannot open file 'robottools.lib'
     1>Done Building Project "C:\Users\Justin\Downloads\torcs-1.3.6\src\drivers\tita\tita.vcxproj" (Build target(s)) -- FAILED.

Build FAILED.

Time Elapsed 00:00:05.13
